<?xml version="1.0" encoding="UTF-8"?>
<!-- Generated by org.testng.reporters.JUnitReportReporter -->
<testsuite hostname="IFOCUS-LT36" name="com.ifocus.automation.Testscripts.TestClass" tests="1" failures="0" timestamp="6 Feb 2017 08:11:12 GMT" time="141.565" errors="0">
  <testcase name="Test" time="141.565" classname="com.ifocus.automation.Testscripts.TestClass"/>
</testsuite> <!-- com.ifocus.automation.Testscripts.TestClass -->
